{"/Users/n03an/Documents/projects/playground/mf-mono/packages/data/src/Data/Data.jsx":{"path":"/Users/n03an/Documents/projects/playground/mf-mono/packages/data/src/Data/Data.jsx","statementMap":{"0":{"start":{"line":6,"column":13},"end":{"line":6,"column":15}},"1":{"start":{"line":9,"column":0},"end":{"line":11,"column":1}},"2":{"start":{"line":9,"column":13},"end":{"line":9,"column":14}},"3":{"start":{"line":10,"column":2},"end":{"line":10,"column":22}},"4":{"start":{"line":13,"column":13},"end":{"line":13,"column":71}},"5":{"start":{"line":13,"column":19},"end":{"line":13,"column":71}},"6":{"start":{"line":13,"column":35},"end":{"line":13,"column":70}}},"fnMap":{"0":{"name":"(anonymous_0)","decl":{"start":{"line":13,"column":13},"end":{"line":13,"column":14}},"loc":{"start":{"line":13,"column":19},"end":{"line":13,"column":71}},"line":13},"1":{"name":"(anonymous_1)","decl":{"start":{"line":13,"column":28},"end":{"line":13,"column":29}},"loc":{"start":{"line":13,"column":35},"end":{"line":13,"column":70}},"line":13}},"branchMap":{},"s":{"0":1,"1":1,"2":1,"3":10000,"4":1,"5":3,"6":30000},"f":{"0":3,"1":30000},"b":{},"_coverageSchema":"1a1c01bbd47fc00a2c39e90264f33305004495a9","hash":"dd6802ad1b6f4b133573701b92976696e1883e81"},"/Users/n03an/Documents/projects/playground/mf-mono/packages/header/src/Header/Header.jsx":{"path":"/Users/n03an/Documents/projects/playground/mf-mono/packages/header/src/Header/Header.jsx","statementMap":{"0":{"start":{"line":5,"column":2},"end":{"line":16,"column":13}}},"fnMap":{"0":{"name":"Header","decl":{"start":{"line":4,"column":9},"end":{"line":4,"column":15}},"loc":{"start":{"line":4,"column":18},"end":{"line":17,"column":1}},"line":4}},"branchMap":{},"s":{"0":2},"f":{"0":2},"b":{},"_coverageSchema":"1a1c01bbd47fc00a2c39e90264f33305004495a9","hash":"ef51dbb8afbe3e098f950d12b75f152179936c80"}}