TN:
SF:packages/data/src/index.js
FN:1,(empty-report)
FNF:1
FNH:0
FNDA:0,(empty-report)
DA:1,0
DA:2,0
DA:3,0
DA:4,0
LF:4
LH:0
BRDA:1,0,0,0
BRF:1
BRH:0
end_of_record
TN:
SF:packages/data/src/Data/Data.jsx
FN:13,Data
FNF:1
FNH:1
FNDA:3,Data
DA:1,1
DA:2,1
DA:3,1
DA:4,1
DA:5,1
DA:6,1
DA:7,1
DA:8,1
DA:9,1
DA:10,10000
DA:11,10000
DA:12,1
DA:13,1
DA:14,1
DA:15,1
LF:15
LH:15
BRDA:9,0,0,10000
BRDA:13,1,0,3
BRDA:13,2,0,30000
BRF:3
BRH:3
end_of_record
TN:
SF:packages/data/src/Data/index.js
FN:1,(empty-report)
FNF:1
FNH:0
FNDA:0,(empty-report)
DA:1,0
LF:1
LH:0
BRDA:1,0,0,0
BRF:1
BRH:0
end_of_record
TN:
SF:packages/header/src/index.js
FN:1,(empty-report)
FNF:1
FNH:0
FNDA:0,(empty-report)
DA:1,0
DA:2,0
DA:3,0
DA:4,0
LF:4
LH:0
BRDA:1,0,0,0
BRF:1
BRH:0
end_of_record
TN:
SF:packages/header/src/Header/Header.jsx
FN:4,Header
FNF:1
FNH:1
FNDA:2,Header
DA:1,1
DA:2,1
DA:3,1
DA:4,2
DA:5,2
DA:6,2
DA:7,2
DA:8,2
DA:9,2
DA:10,2
DA:11,2
DA:12,2
DA:13,2
DA:14,2
DA:15,2
DA:16,2
DA:17,2
DA:18,1
DA:19,1
LF:19
LH:19
BRDA:4,0,0,2
BRF:1
BRH:1
end_of_record
TN:
SF:packages/header/src/Header/index.js
FN:1,(empty-report)
FNF:1
FNH:0
FNDA:0,(empty-report)
DA:1,0
LF:1
LH:0
BRDA:1,0,0,0
BRF:1
BRH:0
end_of_record
